<?xml version="1.0" encoding="UTF-8"?>
<testng-results skipped="0" failed="1" ignored="0" total="2" passed="1">
  <reporter-output>
  </reporter-output>
  <suite name="Default suite" duration-ms="89" started-at="2021-07-10T11:52:54 IST" finished-at="2021-07-10T11:52:54 IST">
    <groups>
    </groups>
    <test name="Default test" duration-ms="89" started-at="2021-07-10T11:52:54 IST" finished-at="2021-07-10T11:52:54 IST">
      <class name="basicTest.HardAssertBasics">
        <test-method status="PASS" signature="before()[pri:0, instance:basicTest.HardAssertBasics@5b87ed94]" name="before" is-config="true" duration-ms="11" started-at="2021-07-10T11:52:54 IST" finished-at="2021-07-10T11:52:54 IST">
          <reporter-output>
          </reporter-output>
        </test-method> <!-- before -->
        <test-method status="PASS" signature="before1()[pri:0, instance:basicTest.HardAssertBasics@5b87ed94]" name="before1" is-config="true" duration-ms="0" started-at="2021-07-10T11:52:54 IST" finished-at="2021-07-10T11:52:54 IST">
          <reporter-output>
          </reporter-output>
        </test-method> <!-- before1 -->
        <test-method status="FAIL" signature="hardAssert()[pri:0, instance:basicTest.HardAssertBasics@5b87ed94]" name="hardAssert" duration-ms="12" started-at="2021-07-10T11:52:54 IST" finished-at="2021-07-10T11:52:54 IST">
          <exception class="java.lang.AssertionError">
            <message>
              <![CDATA[expected [false] but found [true]]]>
            </message>
            <full-stacktrace>
              <![CDATA[java.lang.AssertionError: expected [false] but found [true]
at org.testng.Assert.fail(Assert.java:99)
at org.testng.Assert.failNotEquals(Assert.java:1037)
at org.testng.Assert.assertFalse(Assert.java:67)
at org.testng.Assert.assertFalse(Assert.java:77)
at basicTest.HardAssertBasics.hardAssert(HardAssertBasics.java:27)
at sun.reflect.NativeMethodAccessorImpl.invoke0(Native Method)
at sun.reflect.NativeMethodAccessorImpl.invoke(Unknown Source)
at sun.reflect.DelegatingMethodAccessorImpl.invoke(Unknown Source)
at java.lang.reflect.Method.invoke(Unknown Source)
at org.testng.internal.MethodInvocationHelper.invokeMethod(MethodInvocationHelper.java:132)
at org.testng.internal.TestInvoker.invokeMethod(TestInvoker.java:599)
at org.testng.internal.TestInvoker.invokeTestMethod(TestInvoker.java:174)
at org.testng.internal.MethodRunner.runInSequence(MethodRunner.java:46)
at org.testng.internal.TestInvoker$MethodInvocationAgent.invoke(TestInvoker.java:822)
at org.testng.internal.TestInvoker.invokeTestMethods(TestInvoker.java:147)
at org.testng.internal.TestMethodWorker.invokeTestMethods(TestMethodWorker.java:146)
at org.testng.internal.TestMethodWorker.run(TestMethodWorker.java:128)
at java.util.ArrayList.forEach(Unknown Source)
at org.testng.TestRunner.privateRun(TestRunner.java:764)
at org.testng.TestRunner.run(TestRunner.java:585)
at org.testng.SuiteRunner.runTest(SuiteRunner.java:384)
at org.testng.SuiteRunner.runSequentially(SuiteRunner.java:378)
at org.testng.SuiteRunner.privateRun(SuiteRunner.java:337)
at org.testng.SuiteRunner.run(SuiteRunner.java:286)
at org.testng.SuiteRunnerWorker.runSuite(SuiteRunnerWorker.java:53)
at org.testng.SuiteRunnerWorker.run(SuiteRunnerWorker.java:96)
at org.testng.TestNG.runSuitesSequentially(TestNG.java:1218)
at org.testng.TestNG.runSuitesLocally(TestNG.java:1140)
at org.testng.TestNG.runSuites(TestNG.java:1069)
at org.testng.TestNG.run(TestNG.java:1037)
at org.testng.remote.AbstractRemoteTestNG.run(AbstractRemoteTestNG.java:115)
at org.testng.remote.RemoteTestNG.initAndRun(RemoteTestNG.java:251)
at org.testng.remote.RemoteTestNG.main(RemoteTestNG.java:77)
]]>
            </full-stacktrace>
          </exception> <!-- java.lang.AssertionError -->
          <reporter-output>
          </reporter-output>
        </test-method> <!-- hardAssert -->
        <test-method status="PASS" signature="sampleTest()[pri:1, instance:basicTest.HardAssertBasics@5b87ed94]" name="sampleTest" duration-ms="3" started-at="2021-07-10T11:52:54 IST" finished-at="2021-07-10T11:52:54 IST">
          <reporter-output>
          </reporter-output>
        </test-method> <!-- sampleTest -->
      </class> <!-- basicTest.HardAssertBasics -->
    </test> <!-- Default test -->
  </suite> <!-- Default suite -->
</testng-results>
